

================================================================
== Vitis HLS Report for 'tpgForeground'
================================================================
* Date:           Thu Dec 21 11:33:32 2023

* Version:        2020.2 (Build 3064766 on Wed Nov 18 09:12:47 MST 2020)
* Project:        dma_demo_v_tpg_0_2
* Solution:       prj (Vivado IP Flow Target)
* Product family: zynq
* Target device:  xc7z010-clg400-1


================================================================
== Performance Estimates
================================================================
+ Timing: 
    * Summary: 
    +--------+---------+----------+------------+
    |  Clock |  Target | Estimated| Uncertainty|
    +--------+---------+----------+------------+
    |ap_clk  |  6.73 ns|  6.649 ns|     1.82 ns|
    +--------+---------+----------+------------+

+ Latency: 
    * Summary: 
    +---------+---------+----------+----------+-----+-----+---------+
    |  Latency (cycles) |  Latency (absolute) |  Interval | Pipeline|
    |   min   |   max   |    min   |    max   | min | max |   Type  |
    +---------+---------+----------+----------+-----+-----+---------+
    |        ?|        ?|         ?|         ?|    ?|    ?|     none|
    +---------+---------+----------+----------+-----+-----+---------+

    + Detail: 
        * Instance: 
        N/A

        * Loop: 
        +---------------------+---------+---------+----------+-----------+-----------+------+----------+
        |                     |  Latency (cycles) | Iteration|  Initiation Interval  | Trip |          |
        |      Loop Name      |   min   |   max   |  Latency |  achieved |   target  | Count| Pipelined|
        +---------------------+---------+---------+----------+-----------+-----------+------+----------+
        |- VITIS_LOOP_744_1   |        ?|        ?|         ?|          -|          -|     ?|        no|
        | + VITIS_LOOP_746_2  |        ?|        ?|         3|          1|          1|     ?|       yes|
        +---------------------+---------+---------+----------+-----------+-----------+------+----------+



================================================================
== Utilization Estimates
================================================================
* Summary: 
+-----------------+---------+----+-------+-------+-----+
|       Name      | BRAM_18K| DSP|   FF  |  LUT  | URAM|
+-----------------+---------+----+-------+-------+-----+
|DSP              |        -|   -|      -|      -|    -|
|Expression       |        -|   -|      0|    620|    -|
|FIFO             |        -|   -|      -|      -|    -|
|Instance         |        -|   -|      -|      -|    -|
|Memory           |        0|   -|      8|      1|    -|
|Multiplexer      |        -|   -|      -|    254|    -|
|Register         |        -|   -|    263|      -|    -|
+-----------------+---------+----+-------+-------+-----+
|Total            |        0|   0|    271|    875|    0|
+-----------------+---------+----+-------+-------+-----+
|Available        |      120|  80|  35200|  17600|    0|
+-----------------+---------+----+-------+-------+-----+
|Utilization (%)  |        0|   0|     ~0|      4|    0|
+-----------------+---------+----+-------+-------+-----+

+ Detail: 
    * Instance: 
    N/A

    * DSP: 
    N/A

    * Memory: 
    +------------+------------------------+---------+---+----+-----+------+-----+------+-------------+
    |   Memory   |         Module         | BRAM_18K| FF| LUT| URAM| Words| Bits| Banks| W*Bits*Banks|
    +------------+------------------------+---------+---+----+-----+------+-----+------+-------------+
    |whiYuv_2_U  |tpgForeground_whiYuv_2  |        0|  8|   1|    0|     3|    8|     1|           24|
    +------------+------------------------+---------+---+----+-----+------+-----+------+-------------+
    |Total       |                        |        0|  8|   1|    0|     3|    8|     1|           24|
    +------------+------------------------+---------+---+----+-----+------+-----+------+-------------+

    * FIFO: 
    N/A

    * Expression: 
    +----------------------------------+----------+----+---+----+------------+------------+
    |           Variable Name          | Operation| DSP| FF| LUT| Bitwidth P0| Bitwidth P1|
    +----------------------------------+----------+----+---+----+------------+------------+
    |add_ln1869_fu_604_p2              |         +|   0|  0|  23|          16|          16|
    |boxBottom_fu_687_p2               |         +|   0|  0|  23|          16|          16|
    |boxRight_fu_682_p2                |         +|   0|  0|  23|          16|          16|
    |grp_fu_314_p2                     |         +|   0|  0|  23|          16|          16|
    |x_1_fu_503_p2                     |         +|   0|  0|  23|          16|           1|
    |y_1_fu_487_p2                     |         +|   0|  0|  23|          16|           1|
    |grp_fu_309_p2                     |         -|   0|  0|  23|          16|          16|
    |hMax_fu_351_p2                    |         -|   0|  0|  23|          16|          16|
    |sub_ln1871_fu_582_p2              |         -|   0|  0|  23|          16|          16|
    |vMax_fu_357_p2                    |         -|   0|  0|  23|          16|          16|
    |and10_i_fu_401_p2                 |       and|   0|  0|   2|           1|           1|
    |and24_i_fu_415_p2                 |       and|   0|  0|   2|           1|           1|
    |and4_i_fu_387_p2                  |       and|   0|  0|   2|           1|           1|
    |and_ln1895_1_fu_728_p2            |       and|   0|  0|   2|           1|           1|
    |and_ln1895_2_fu_734_p2            |       and|   0|  0|   2|           1|           1|
    |and_ln1895_fu_740_p2              |       and|   0|  0|   2|           1|           1|
    |and_ln1899_fu_746_p2              |       and|   0|  0|   2|           1|           1|
    |and_ln1913_fu_625_p2              |       and|   0|  0|   2|           1|           1|
    |ap_block_state4_pp0_stage0_iter1  |       and|   0|  0|   2|           1|           1|
    |ap_block_state5_pp0_stage0_iter2  |       and|   0|  0|   2|           1|           1|
    |ap_condition_125                  |       and|   0|  0|   2|           1|           1|
    |ap_condition_276                  |       and|   0|  0|   2|           1|           1|
    |ap_condition_288                  |       and|   0|  0|   2|           1|           1|
    |ap_condition_317                  |       and|   0|  0|   2|           1|           1|
    |ap_condition_344                  |       and|   0|  0|   2|           1|           1|
    |ap_condition_757                  |       and|   0|  0|   2|           1|           1|
    |cmp11_i106_fu_363_p2              |      icmp|   0|  0|  11|           8|           1|
    |cmp13_i_fu_377_p2                 |      icmp|   0|  0|  11|           8|           1|
    |icmp_fu_435_p2                    |      icmp|   0|  0|  10|           7|           1|
    |icmp_ln1840_fu_524_p2             |      icmp|   0|  0|  13|          16|           1|
    |icmp_ln1845_fu_537_p2             |      icmp|   0|  0|  13|          16|          16|
    |icmp_ln1849_fu_548_p2             |      icmp|   0|  0|  13|          16|          16|
    |icmp_ln1855_fu_566_p2             |      icmp|   0|  0|  13|          16|          16|
    |icmp_ln1859_fu_577_p2             |      icmp|   0|  0|  13|          16|          16|
    |icmp_ln1890_1_fu_722_p2           |      icmp|   0|  0|  13|          16|          16|
    |icmp_ln1890_fu_710_p2             |      icmp|   0|  0|  13|          16|          16|
    |icmp_ln1913_1_fu_620_p2           |      icmp|   0|  0|  13|          16|          16|
    |icmp_ln1913_fu_498_p2             |      icmp|   0|  0|  13|          16|          16|
    |icmp_ln744_fu_493_p2              |      icmp|   0|  0|  13|          16|          16|
    |icmp_ln746_fu_513_p2              |      icmp|   0|  0|  13|          16|          16|
    |notrhs_fu_704_p2                  |      icmp|   0|  0|  13|          16|          16|
    |tobool_fu_345_p2                  |      icmp|   0|  0|  11|           8|           1|
    |ult_fu_692_p2                     |      icmp|   0|  0|  13|          16|          16|
    |ap_block_pp0_stage0_01001         |        or|   0|  0|   2|           1|           1|
    |ap_block_state1                   |        or|   0|  0|   2|           1|           1|
    |ap_condition_392                  |        or|   0|  0|   2|           1|           1|
    |ap_condition_395                  |        or|   0|  0|   2|           1|           1|
    |or_ln1840_fu_518_p2               |        or|   0|  0|  16|          16|          16|
    |or_ln1913_fu_630_p2               |        or|   0|  0|   2|           1|           1|
    |or_ln1919_fu_635_p2               |        or|   0|  0|   2|           1|           1|
    |empty_62_fu_815_p3                |    select|   0|  0|   8|           1|           8|
    |grp_fu_319_p3                     |    select|   0|  0|  16|           1|          16|
    |outpix_0_0_0_0_0_load_fu_801_p3   |    select|   0|  0|   8|           1|           8|
    |outpix_0_2_0_0_0_load_fu_794_p3   |    select|   0|  0|   8|           1|           8|
    |pixOut_5_fu_753_p3                |    select|   0|  0|   8|           1|           8|
    |pixOut_fu_369_p3                  |    select|   0|  0|   9|           1|           6|
    |select_ln1913_1_fu_766_p3         |    select|   0|  0|   8|           1|           8|
    |select_ln1913_2_fu_773_p3         |    select|   0|  0|   8|           1|           8|
    |select_ln1913_fu_760_p3           |    select|   0|  0|   8|           1|           8|
    |select_ln1919_1_fu_469_p3         |    select|   0|  0|   3|           1|           1|
    |select_ln1919_fu_640_p3           |    select|   0|  0|   2|           1|           2|
    |select_ln1933_fu_780_p3           |    select|   0|  0|   8|           1|           1|
    |select_ln1935_fu_808_p3           |    select|   0|  0|   8|           1|           1|
    |select_ln1937_fu_787_p3           |    select|   0|  0|   8|           1|           1|
    |ap_enable_pp0                     |       xor|   0|  0|   2|           1|           2|
    |ap_enable_reg_pp0_iter1           |       xor|   0|  0|   2|           2|           1|
    |rev14_fu_698_p2                   |       xor|   0|  0|   2|           1|           2|
    |xor_ln1890_fu_716_p2              |       xor|   0|  0|   2|           1|           2|
    +----------------------------------+----------+----+---+----+------------+------------+
    |Total                             |          |   0|  0| 620|         456|         456|
    +----------------------------------+----------+----+---+----+------------+------------+

    * Multiplexer: 
    +------------------------------------------+----+-----------+-----+-----------+
    |                   Name                   | LUT| Input Size| Bits| Total Bits|
    +------------------------------------------+----+-----------+-----+-----------+
    |ap_NS_fsm                                 |  25|          5|    1|          5|
    |ap_done                                   |   9|          2|    1|          2|
    |ap_enable_reg_pp0_iter1                   |   9|          2|    1|          2|
    |ap_enable_reg_pp0_iter2                   |   9|          2|    1|          2|
    |ap_phi_mux_empty_61_phi_fu_245_p8         |  14|          3|    1|          3|
    |ap_phi_mux_pix_val_V_1_phi_fu_277_p10     |  14|          3|    8|         24|
    |ap_phi_mux_pix_val_V_2_phi_fu_262_p10     |  14|          3|    8|         24|
    |ap_phi_mux_pix_val_V_phi_fu_293_p10       |  14|          3|    8|         24|
    |ap_phi_mux_x_phi_fu_234_p4                |   9|          2|   16|         32|
    |ap_phi_reg_pp0_iter2_pix_val_V_1_reg_274  |  20|          4|    8|         32|
    |ap_phi_reg_pp0_iter2_pix_val_V_2_reg_259  |  20|          4|    8|         32|
    |ap_phi_reg_pp0_iter2_pix_val_V_reg_289    |  20|          4|    8|         32|
    |boxLeft_fu_116                            |   9|          2|   16|         32|
    |boxTop_fu_112                             |  14|          3|   16|         48|
    |boxVCoord                                 |   9|          2|   16|         32|
    |outImg_blk_n                              |   9|          2|    1|          2|
    |real_start                                |   9|          2|    1|          2|
    |srcImg_blk_n                              |   9|          2|    1|          2|
    |x_reg_230                                 |   9|          2|   16|         32|
    |y_reg_218                                 |   9|          2|   16|         32|
    +------------------------------------------+----+-----------+-----+-----------+
    |Total                                     | 254|         54|  152|        396|
    +------------------------------------------+----+-----------+-----+-----------+

    * Register: 
    +------------------------------------------+----+----+-----+-----------+
    |                   Name                   | FF | LUT| Bits| Const Bits|
    +------------------------------------------+----+----+-----+-----------+
    |and_ln1895_reg_1060                       |   1|   0|    1|          0|
    |and_ln1913_reg_1026                       |   1|   0|    1|          0|
    |ap_CS_fsm                                 |   4|   0|    4|          0|
    |ap_done_reg                               |   1|   0|    1|          0|
    |ap_enable_reg_pp0_iter0                   |   1|   0|    1|          0|
    |ap_enable_reg_pp0_iter1                   |   1|   0|    1|          0|
    |ap_enable_reg_pp0_iter2                   |   1|   0|    1|          0|
    |ap_phi_reg_pp0_iter1_pix_val_V_1_reg_274  |   8|   0|    8|          0|
    |ap_phi_reg_pp0_iter1_pix_val_V_2_reg_259  |   8|   0|    8|          0|
    |ap_phi_reg_pp0_iter1_pix_val_V_reg_289    |   8|   0|    8|          0|
    |ap_phi_reg_pp0_iter2_pix_val_V_1_reg_274  |   8|   0|    8|          0|
    |ap_phi_reg_pp0_iter2_pix_val_V_2_reg_259  |   8|   0|    8|          0|
    |ap_phi_reg_pp0_iter2_pix_val_V_reg_289    |   8|   0|    8|          0|
    |boxHCoord                                 |  16|   0|   16|          0|
    |boxLeft_fu_116                            |  16|   0|   16|          0|
    |boxTop_fu_112                             |  16|   0|   16|          0|
    |boxVCoord                                 |  16|   0|   16|          0|
    |hDir                                      |   1|   0|    1|          0|
    |icmp_ln1840_reg_998                       |   1|   0|    1|          0|
    |icmp_ln1855_reg_1018                      |   1|   0|    1|          0|
    |icmp_ln1859_reg_1022                      |   1|   0|    1|          0|
    |icmp_ln1913_reg_979                       |   1|   0|    1|          0|
    |icmp_ln746_reg_994                        |   1|   0|    1|          0|
    |icmp_ln746_reg_994_pp0_iter1_reg          |   1|   0|    1|          0|
    |or_ln1913_reg_1033                        |   1|   0|    1|          0|
    |or_ln1913_reg_1033_pp0_iter1_reg          |   1|   0|    1|          0|
    |pixOut_1_reg_1042                         |   8|   0|    8|          0|
    |pixOut_2_reg_1048                         |   8|   0|    8|          0|
    |pixOut_3_reg_1054                         |   8|   0|    8|          0|
    |reg_335                                   |  16|   0|   16|          0|
    |select_ln1913_1_reg_1074                  |   8|   0|    8|          0|
    |select_ln1913_2_reg_1079                  |   8|   0|    8|          0|
    |select_ln1913_reg_1069                    |   8|   0|    8|          0|
    |start_once_reg                            |   1|   0|    1|          0|
    |trunc_ln746_reg_989                       |   1|   0|    1|          0|
    |vDir                                      |   1|   0|    1|          0|
    |vDir_load_reg_1014                        |   1|   0|    1|          0|
    |x_1_reg_984                               |  16|   0|   16|          0|
    |x_reg_230                                 |  16|   0|   16|          0|
    |y_1_reg_970                               |  16|   0|   16|          0|
    |y_reg_218                                 |  16|   0|   16|          0|
    +------------------------------------------+----+----+-----+-----------+
    |Total                                     | 263|   0|  263|          0|
    +------------------------------------------+----+----+-----+-----------+



================================================================
== Interface
================================================================
* Summary: 
+----------------+-----+-----+------------+---------------+--------------+
|    RTL Ports   | Dir | Bits|  Protocol  | Source Object |    C Type    |
+----------------+-----+-----+------------+---------------+--------------+
|ap_clk          |   in|    1|  ap_ctrl_hs|  tpgForeground|  return value|
|ap_rst          |   in|    1|  ap_ctrl_hs|  tpgForeground|  return value|
|ap_start        |   in|    1|  ap_ctrl_hs|  tpgForeground|  return value|
|start_full_n    |   in|    1|  ap_ctrl_hs|  tpgForeground|  return value|
|ap_done         |  out|    1|  ap_ctrl_hs|  tpgForeground|  return value|
|ap_continue     |   in|    1|  ap_ctrl_hs|  tpgForeground|  return value|
|ap_idle         |  out|    1|  ap_ctrl_hs|  tpgForeground|  return value|
|ap_ready        |  out|    1|  ap_ctrl_hs|  tpgForeground|  return value|
|start_out       |  out|    1|  ap_ctrl_hs|  tpgForeground|  return value|
|start_write     |  out|    1|  ap_ctrl_hs|  tpgForeground|  return value|
|srcImg_dout     |   in|   24|     ap_fifo|         srcImg|       pointer|
|srcImg_empty_n  |   in|    1|     ap_fifo|         srcImg|       pointer|
|srcImg_read     |  out|    1|     ap_fifo|         srcImg|       pointer|
|height          |   in|   16|     ap_none|         height|       pointer|
|width           |   in|   16|     ap_none|          width|       pointer|
|patternId       |   in|    8|     ap_none|      patternId|       pointer|
|maskId          |   in|    8|     ap_none|         maskId|       pointer|
|colorFormat     |   in|    8|     ap_none|    colorFormat|       pointer|
|crossHairX      |   in|   16|     ap_none|     crossHairX|       pointer|
|crossHairY      |   in|   16|     ap_none|     crossHairY|       pointer|
|boxSize         |   in|   16|     ap_none|        boxSize|       pointer|
|boxColorR       |   in|   16|     ap_none|      boxColorR|       pointer|
|boxColorG       |   in|   16|     ap_none|      boxColorG|       pointer|
|boxColorB       |   in|   16|     ap_none|      boxColorB|       pointer|
|motionSpeed     |   in|    8|     ap_none|    motionSpeed|       pointer|
|outImg_din      |  out|   24|     ap_fifo|         outImg|       pointer|
|outImg_full_n   |   in|    1|     ap_fifo|         outImg|       pointer|
|outImg_write    |  out|    1|     ap_fifo|         outImg|       pointer|
+----------------+-----+-----+------------+---------------+--------------+

